2015-06-07 00:08:53,880 ERROR [Log] Class Utils | Method getRowCount | Exception desc : null 
2015-06-07 00:10:03,307 ERROR [Log] Class Utils | Method getRowCount | Exception desc : null 
2015-06-07 00:10:40,669 ERROR [Log] Class Utils | Method getRowCount | Exception desc : null 
2015-06-07 00:12:20,995 ERROR [Log] Class Utils | Method getRowCount | Exception desc : null 
2015-06-07 00:13:31,284 ERROR [Log] Class Utils | Method getRowCount | Exception desc : null 
2015-06-08 12:14:13,546 ERROR [Log] Class Utils | Method getRowCount | Exception desc : null 
2015-06-08 12:20:35,699 ERROR [Log] Class Utils | Method getRowCount | Exception desc : null 
2015-06-08 12:24:22,625 ERROR [Log] Class Utils | Method getRowCount | Exception desc : null 
2015-06-08 12:30:41,126 ERROR [Log] Class Utils | Method getRowCount | Exception desc : null 
2015-06-08 12:36:36,838 ERROR [Log] Class Utils | Method getRowCount | Exception desc : null 
2015-06-08 12:37:02,870 ERROR [Log] Class Utils | Method getCellData | Exception desc : null 
2015-06-08 12:37:14,562 ERROR [Log] Class Utils | Method getCellData | Exception desc : null 
2015-06-08 12:56:42,117 ERROR [Log] Class Utils | Method getCellData | Exception desc : null 
2015-06-08 12:56:45,192 INFO  [Log] **************************************************************************************** 
2015-06-08 12:56:45,192 INFO  [Log] **************************************************************************************** 
2015-06-08 12:56:45,192 INFO  [Log] $$$$$$$$$$$$$$$$$$$$$                 Login_01       $$$$$$$$$$$$$$$$$$$$$$$$$ 
2015-06-08 12:56:45,192 INFO  [Log] **************************************************************************************** 
2015-06-08 12:56:45,192 INFO  [Log] **************************************************************************************** 
2015-06-08 12:56:57,004 ERROR [Log] Class Utils | Method getCellData | Exception desc : null 
2015-06-08 12:57:06,768 INFO  [Log] Opening Browser 
2015-06-08 12:57:38,595 INFO  [Log] Closing the browser 
2015-06-08 12:57:46,921 INFO  [Log] XXXXXXXXXXXXXXXXXXXXXXX             -E---N---D-             XXXXXXXXXXXXXXXXXXXXXX 
2015-06-08 12:57:46,921 INFO  [Log] X 
2015-06-08 12:57:46,921 INFO  [Log] X 
2015-06-08 12:57:46,921 INFO  [Log] X 
2015-06-08 12:57:46,921 INFO  [Log] X 
2015-06-08 13:08:21,688 ERROR [Log] Class Utils | Method getCellData | Exception desc : null 
2015-06-08 13:08:34,132 INFO  [Log] **************************************************************************************** 
2015-06-08 13:08:34,132 INFO  [Log] **************************************************************************************** 
2015-06-08 13:08:34,132 INFO  [Log] $$$$$$$$$$$$$$$$$$$$$                 Login_01       $$$$$$$$$$$$$$$$$$$$$$$$$ 
2015-06-08 13:08:34,132 INFO  [Log] **************************************************************************************** 
2015-06-08 13:08:34,132 INFO  [Log] **************************************************************************************** 
2015-06-08 13:08:54,959 ERROR [Log] Class Utils | Method getCellData | Exception desc : null 
2015-06-08 13:09:20,753 INFO  [Log] Opening Browser 
2015-06-08 13:10:12,623 INFO  [Log] Closing the browser 
2015-06-08 13:10:24,524 INFO  [Log] XXXXXXXXXXXXXXXXXXXXXXX             -E---N---D-             XXXXXXXXXXXXXXXXXXXXXX 
2015-06-08 13:10:24,524 INFO  [Log] X 
2015-06-08 13:10:24,524 INFO  [Log] X 
2015-06-08 13:10:24,524 INFO  [Log] X 
2015-06-08 13:10:24,524 INFO  [Log] X 
2015-06-08 13:38:01,136 ERROR [Log] Class Utils | Method getCellData | Exception desc : null 
2015-06-08 13:38:17,000 INFO  [Log] **************************************************************************************** 
2015-06-08 13:38:17,001 INFO  [Log] **************************************************************************************** 
2015-06-08 13:38:17,001 INFO  [Log] $$$$$$$$$$$$$$$$$$$$$                 Login_01       $$$$$$$$$$$$$$$$$$$$$$$$$ 
2015-06-08 13:38:17,002 INFO  [Log] **************************************************************************************** 
2015-06-08 13:38:17,003 INFO  [Log] **************************************************************************************** 
2015-06-08 13:38:54,666 ERROR [Log] Class Utils | Method getCellData | Exception desc : null 
2015-06-08 13:39:25,029 INFO  [Log] Opening Browser 
2015-06-08 13:39:58,678 INFO  [Log] Closing the browser 
2015-06-08 13:40:02,733 INFO  [Log] XXXXXXXXXXXXXXXXXXXXXXX             -E---N---D-             XXXXXXXXXXXXXXXXXXXXXX 
2015-06-08 13:40:02,734 INFO  [Log] X 
2015-06-08 13:40:02,734 INFO  [Log] X 
2015-06-08 13:40:02,735 INFO  [Log] X 
2015-06-08 13:40:02,735 INFO  [Log] X 
2015-06-08 14:38:16,070 ERROR [Log] Class Utils | Method getCellData | Exception desc : null 
2015-06-08 14:38:16,072 INFO  [Log] **************************************************************************************** 
2015-06-08 14:38:16,072 INFO  [Log] **************************************************************************************** 
2015-06-08 14:38:16,072 INFO  [Log] $$$$$$$$$$$$$$$$$$$$$                 Login_01       $$$$$$$$$$$$$$$$$$$$$$$$$ 
2015-06-08 14:38:16,072 INFO  [Log] **************************************************************************************** 
2015-06-08 14:38:16,072 INFO  [Log] **************************************************************************************** 
2015-06-08 14:38:16,073 ERROR [Log] Class Utils | Method getCellData | Exception desc : null 
2015-06-08 14:38:16,073 INFO  [Log] Opening Browser 
2015-06-08 14:38:33,858 INFO  [Log] Closing the browser 
2015-06-08 14:38:34,305 INFO  [Log] XXXXXXXXXXXXXXXXXXXXXXX             -E---N---D-             XXXXXXXXXXXXXXXXXXXXXX 
2015-06-08 14:38:34,305 INFO  [Log] X 
2015-06-08 14:38:34,305 INFO  [Log] X 
2015-06-08 14:38:34,305 INFO  [Log] X 
2015-06-08 14:38:34,305 INFO  [Log] X 
2015-06-08 14:40:41,230 ERROR [Log] Class Utils | Method getCellData | Exception desc : null 
2015-06-08 14:41:03,116 INFO  [Log] **************************************************************************************** 
2015-06-08 14:41:03,117 INFO  [Log] **************************************************************************************** 
2015-06-08 14:41:03,118 INFO  [Log] $$$$$$$$$$$$$$$$$$$$$                 Login_01       $$$$$$$$$$$$$$$$$$$$$$$$$ 
2015-06-08 14:41:03,118 INFO  [Log] **************************************************************************************** 
2015-06-08 14:41:03,119 INFO  [Log] **************************************************************************************** 
2015-06-08 14:41:19,790 ERROR [Log] Class Utils | Method getCellData | Exception desc : null 
2015-06-08 14:42:09,660 INFO  [Log] Opening Browser 
2015-06-08 14:43:11,891 INFO  [Log] Closing the browser 
2015-06-08 14:43:19,660 INFO  [Log] XXXXXXXXXXXXXXXXXXXXXXX             -E---N---D-             XXXXXXXXXXXXXXXXXXXXXX 
2015-06-08 14:43:19,660 INFO  [Log] X 
2015-06-08 14:43:19,661 INFO  [Log] X 
2015-06-08 14:43:19,661 INFO  [Log] X 
2015-06-08 14:43:19,661 INFO  [Log] X 
2015-06-08 14:54:25,983 ERROR [Log] Class Utils | Method getCellData | Exception desc : null 
2015-06-08 14:54:26,342 INFO  [Log] **************************************************************************************** 
2015-06-08 14:54:26,343 INFO  [Log] **************************************************************************************** 
2015-06-08 14:54:26,343 INFO  [Log] $$$$$$$$$$$$$$$$$$$$$                 Login_01       $$$$$$$$$$$$$$$$$$$$$$$$$ 
2015-06-08 14:54:26,344 INFO  [Log] **************************************************************************************** 
2015-06-08 14:54:26,344 INFO  [Log] **************************************************************************************** 
2015-06-08 14:54:28,214 ERROR [Log] Class Utils | Method getCellData | Exception desc : null 
2015-06-08 14:56:09,012 INFO  [Log] Opening Browser 
2015-06-08 14:56:48,997 INFO  [Log] Opening Browser 
2015-06-08 14:57:13,870 INFO  [Log] Closing the browser 
2015-06-08 15:27:58,279 ERROR [Log] Class Utils | Method getCellData | Exception desc : null 
2015-06-08 15:27:58,600 INFO  [Log] **************************************************************************************** 
2015-06-08 15:27:58,600 INFO  [Log] **************************************************************************************** 
2015-06-08 15:27:58,601 INFO  [Log] $$$$$$$$$$$$$$$$$$$$$                 Login_01       $$$$$$$$$$$$$$$$$$$$$$$$$ 
2015-06-08 15:27:58,601 INFO  [Log] **************************************************************************************** 
2015-06-08 15:27:58,602 INFO  [Log] **************************************************************************************** 
2015-06-08 15:28:00,169 ERROR [Log] Class Utils | Method getCellData | Exception desc : null 
2015-06-08 15:29:22,456 ERROR [Log] Class Utils | Method getCellData | Exception desc : null 
2015-06-08 15:29:22,952 INFO  [Log] **************************************************************************************** 
2015-06-08 15:29:22,953 INFO  [Log] **************************************************************************************** 
2015-06-08 15:29:22,953 INFO  [Log] $$$$$$$$$$$$$$$$$$$$$                 Login_01       $$$$$$$$$$$$$$$$$$$$$$$$$ 
2015-06-08 15:29:22,954 INFO  [Log] **************************************************************************************** 
2015-06-08 15:29:22,954 INFO  [Log] **************************************************************************************** 
2015-06-08 15:29:25,440 ERROR [Log] Class Utils | Method getCellData | Exception desc : null 
2015-06-08 15:29:39,880 INFO  [Log] Opening Browser 
2015-06-08 15:30:31,802 INFO  [Log] Closing the browser 
2015-06-08 15:30:32,365 INFO  [Log] XXXXXXXXXXXXXXXXXXXXXXX             -E---N---D-             XXXXXXXXXXXXXXXXXXXXXX 
2015-06-08 15:30:32,365 INFO  [Log] X 
2015-06-08 15:30:32,365 INFO  [Log] X 
2015-06-08 15:30:32,365 INFO  [Log] X 
2015-06-08 15:30:32,365 INFO  [Log] X 
2015-06-08 15:31:05,445 ERROR [Log] Class Utils | Method getCellData | Exception desc : null 
2015-06-08 15:31:06,400 INFO  [Log] **************************************************************************************** 
2015-06-08 15:31:06,401 INFO  [Log] **************************************************************************************** 
2015-06-08 15:31:06,401 INFO  [Log] $$$$$$$$$$$$$$$$$$$$$                 Login_01       $$$$$$$$$$$$$$$$$$$$$$$$$ 
2015-06-08 15:31:06,402 INFO  [Log] **************************************************************************************** 
2015-06-08 15:31:06,402 INFO  [Log] **************************************************************************************** 
2015-06-08 15:31:09,383 ERROR [Log] Class Utils | Method getCellData | Exception desc : null 
2015-06-08 15:31:12,127 INFO  [Log] Opening Browser 
2015-06-08 15:35:22,020 ERROR [Log] Class Utils | Method getCellData | Exception desc : null 
2015-06-08 15:35:22,676 INFO  [Log] **************************************************************************************** 
2015-06-08 15:35:22,677 INFO  [Log] **************************************************************************************** 
2015-06-08 15:35:22,678 INFO  [Log] $$$$$$$$$$$$$$$$$$$$$                 Login_01       $$$$$$$$$$$$$$$$$$$$$$$$$ 
2015-06-08 15:35:22,678 INFO  [Log] **************************************************************************************** 
2015-06-08 15:35:22,679 INFO  [Log] **************************************************************************************** 
2015-06-08 15:35:39,542 ERROR [Log] Class Utils | Method getCellData | Exception desc : null 
2015-06-08 15:36:56,539 ERROR [Log] Class Utils | Method getCellData | Exception desc : null 
2015-06-08 15:36:58,820 INFO  [Log] **************************************************************************************** 
2015-06-08 15:36:58,821 INFO  [Log] **************************************************************************************** 
2015-06-08 15:36:58,822 INFO  [Log] $$$$$$$$$$$$$$$$$$$$$                 Login_01       $$$$$$$$$$$$$$$$$$$$$$$$$ 
2015-06-08 15:36:58,822 INFO  [Log] **************************************************************************************** 
2015-06-08 15:36:58,823 INFO  [Log] **************************************************************************************** 
2015-06-08 15:37:04,653 ERROR [Log] Class Utils | Method getCellData | Exception desc : null 
2015-06-08 15:37:12,677 INFO  [Log] Opening Browser 
2015-06-08 15:38:09,469 ERROR [Log] Class Utils | Method getCellData | Exception desc : null 
2015-06-08 15:38:19,389 INFO  [Log] Navigating to URL 
2015-06-08 15:38:45,396 INFO  [Log] Clicking on Webelement btn_MyAccount 
2015-06-08 15:38:55,628 ERROR [Log] Not able to click --- Unable to locate element: {"method":"xpath","selector":"a.account_icon"}
Command duration or timeout: 10.14 seconds
For documentation on this error, please visit: http://seleniumhq.org/exceptions/no_such_element.html
Build info: version: '2.44.0', revision: '76d78cf', time: '2014-10-23 20:03:00'
System info: host: 'home-PC', ip: '192.168.137.1', os.name: 'Windows 7', os.arch: 'amd64', os.version: '6.1', java.version: '1.7.0_75'
Session ID: 1ba9e948-dcd5-4c70-a92a-fa7b8bc5687f
Driver info: org.openqa.selenium.firefox.FirefoxDriver
Capabilities [{platform=WINDOWS, acceptSslCerts=true, javascriptEnabled=true, cssSelectorsEnabled=true, databaseEnabled=true, browserName=firefox, handlesAlerts=true, nativeEvents=false, webStorageEnabled=true, rotatable=false, locationContextEnabled=true, applicationCacheEnabled=true, takesScreenshot=true, version=35.0.1}] 
2015-06-08 15:39:11,284 INFO  [Log] Closing the browser 
2015-06-08 15:39:18,011 INFO  [Log] XXXXXXXXXXXXXXXXXXXXXXX             -E---N---D-             XXXXXXXXXXXXXXXXXXXXXX 
2015-06-08 15:39:18,012 INFO  [Log] X 
2015-06-08 15:39:18,012 INFO  [Log] X 
2015-06-08 15:39:18,013 INFO  [Log] X 
2015-06-08 15:39:18,013 INFO  [Log] X 
2015-06-08 15:42:01,707 ERROR [Log] Class Utils | Method getCellData | Exception desc : null 
2015-06-08 15:42:02,579 INFO  [Log] **************************************************************************************** 
2015-06-08 15:42:02,580 INFO  [Log] **************************************************************************************** 
2015-06-08 15:42:02,580 INFO  [Log] $$$$$$$$$$$$$$$$$$$$$                 Login_01       $$$$$$$$$$$$$$$$$$$$$$$$$ 
2015-06-08 15:42:02,581 INFO  [Log] **************************************************************************************** 
2015-06-08 15:42:02,581 INFO  [Log] **************************************************************************************** 
2015-06-08 15:42:06,355 ERROR [Log] Class Utils | Method getCellData | Exception desc : null 
2015-06-08 15:42:11,499 INFO  [Log] Opening Browser 
2015-06-08 15:42:54,818 ERROR [Log] Class Utils | Method getCellData | Exception desc : null 
2015-06-08 15:42:59,075 INFO  [Log] Navigating to URL 
2015-06-08 15:43:25,210 INFO  [Log] Clicking on Webelement btn_MyAccount 
2015-06-08 15:44:36,249 INFO  [Log] Entering the text in Password 
2015-06-08 15:44:55,513 INFO  [Log] Clicking on Webelement btn_Login 
2015-06-08 15:44:55,515 ERROR [Log] Not able to click --- Cannot find elements when the XPath expression is null. 
2015-06-08 15:45:01,284 INFO  [Log] Closing the browser 
2015-06-08 15:45:11,464 INFO  [Log] XXXXXXXXXXXXXXXXXXXXXXX             -E---N---D-             XXXXXXXXXXXXXXXXXXXXXX 
2015-06-08 15:45:11,464 INFO  [Log] X 
2015-06-08 15:45:11,464 INFO  [Log] X 
2015-06-08 15:45:11,464 INFO  [Log] X 
2015-06-08 15:45:11,464 INFO  [Log] X 
2015-06-08 15:52:57,663 ERROR [Log] Class Utils | Method getCellData | Exception desc : null 
2015-06-08 15:52:58,040 INFO  [Log] **************************************************************************************** 
2015-06-08 15:52:58,041 INFO  [Log] **************************************************************************************** 
2015-06-08 15:52:58,042 INFO  [Log] $$$$$$$$$$$$$$$$$$$$$                 Login_01       $$$$$$$$$$$$$$$$$$$$$$$$$ 
2015-06-08 15:52:58,042 INFO  [Log] **************************************************************************************** 
2015-06-08 15:52:58,043 INFO  [Log] **************************************************************************************** 
2015-06-08 15:53:00,214 ERROR [Log] Class Utils | Method getCellData | Exception desc : null 
2015-06-08 15:53:07,573 INFO  [Log] Opening Browser 
2015-06-08 15:53:50,751 ERROR [Log] Class Utils | Method getCellData | Exception desc : null 
2015-06-08 15:54:23,998 INFO  [Log] Navigating to URL 
2015-06-08 15:55:21,040 INFO  [Log] Clicking on Webelement btn_MyAccount 
2015-06-08 15:57:35,705 INFO  [Log] Entering the text in Password 
2015-06-08 15:57:38,699 INFO  [Log] Clicking on Webelement btn_Login 
2015-06-08 15:57:38,700 ERROR [Log] Not able to click --- Cannot find elements when the XPath expression is null. 
2015-06-08 15:57:39,547 INFO  [Log] Closing the browser 
2015-06-08 15:57:40,222 INFO  [Log] XXXXXXXXXXXXXXXXXXXXXXX             -E---N---D-             XXXXXXXXXXXXXXXXXXXXXX 
2015-06-08 15:57:40,222 INFO  [Log] X 
2015-06-08 15:57:40,222 INFO  [Log] X 
2015-06-08 15:57:40,222 INFO  [Log] X 
2015-06-08 15:57:40,222 INFO  [Log] X 
2015-06-09 10:44:27,066 ERROR [Log] Class Utils | Method getCellData | Exception desc : null 
2015-06-09 10:44:27,754 INFO  [Log] **************************************************************************************** 
2015-06-09 10:44:27,755 INFO  [Log] **************************************************************************************** 
2015-06-09 10:44:27,755 INFO  [Log] $$$$$$$$$$$$$$$$$$$$$                 Login_01       $$$$$$$$$$$$$$$$$$$$$$$$$ 
2015-06-09 10:44:27,756 INFO  [Log] **************************************************************************************** 
2015-06-09 10:44:27,756 INFO  [Log] **************************************************************************************** 
2015-06-09 10:44:30,108 ERROR [Log] Class Utils | Method getCellData | Exception desc : null 
2015-06-09 10:44:36,821 INFO  [Log] Opening Browser 
2015-06-09 10:45:27,284 ERROR [Log] Class Utils | Method getCellData | Exception desc : null 
2015-06-09 10:45:34,268 INFO  [Log] Navigating to URL 
2015-06-09 10:46:04,946 INFO  [Log] Clicking on Webelement btn_MyAccount 
2015-06-09 10:46:55,562 INFO  [Log] Entering the text in Password 
2015-06-09 10:47:08,171 INFO  [Log] Clicking on Webelement btn_Login 
2015-06-09 10:47:08,218 ERROR [Log] Not able to click --- Cannot find elements when the XPath expression is null. 
2015-06-09 10:47:21,387 INFO  [Log] Closing the browser 
2015-06-09 10:47:25,395 INFO  [Log] XXXXXXXXXXXXXXXXXXXXXXX             -E---N---D-             XXXXXXXXXXXXXXXXXXXXXX 
2015-06-09 10:47:25,396 INFO  [Log] X 
2015-06-09 10:47:25,396 INFO  [Log] X 
2015-06-09 10:47:25,396 INFO  [Log] X 
2015-06-09 10:47:25,396 INFO  [Log] X 
2015-06-09 11:52:13,113 ERROR [Log] Class Utils | Method getCellData | Exception desc : null 
2015-06-09 11:52:13,114 INFO  [Log] **************************************************************************************** 
2015-06-09 11:52:13,115 INFO  [Log] **************************************************************************************** 
2015-06-09 11:52:13,115 INFO  [Log] $$$$$$$$$$$$$$$$$$$$$                 Login_01       $$$$$$$$$$$$$$$$$$$$$$$$$ 
2015-06-09 11:52:13,115 INFO  [Log] **************************************************************************************** 
2015-06-09 11:52:13,115 INFO  [Log] **************************************************************************************** 
2015-06-09 11:52:13,116 ERROR [Log] Class Utils | Method getCellData | Exception desc : null 
2015-06-09 11:52:13,116 INFO  [Log] Opening Browser 
2015-06-09 11:52:30,220 ERROR [Log] Class Utils | Method getCellData | Exception desc : null 
2015-06-09 11:52:30,220 INFO  [Log] Navigating to URL 
2015-06-09 11:52:38,793 INFO  [Log] Clicking on Webelement btn_MyAccount 
2015-06-09 11:52:39,904 INFO  [Log] Entering the text in Password 
2015-06-09 11:52:45,673 INFO  [Log] Clicking on Webelement btn_Login 
2015-06-09 11:52:45,674 ERROR [Log] Not able to click --- Cannot find elements when the XPath expression is null. 
2015-06-09 11:52:45,963 INFO  [Log] Closing the browser 
2015-06-09 11:52:46,640 INFO  [Log] XXXXXXXXXXXXXXXXXXXXXXX             -E---N---D-             XXXXXXXXXXXXXXXXXXXXXX 
2015-06-09 11:52:46,640 INFO  [Log] X 
2015-06-09 11:52:46,640 INFO  [Log] X 
2015-06-09 11:52:46,640 INFO  [Log] X 
2015-06-09 11:52:46,640 INFO  [Log] X 
2015-06-09 11:55:37,960 ERROR [Log] Class Utils | Method getCellData | Exception desc : null 
2015-06-09 11:55:39,990 INFO  [Log] **************************************************************************************** 
2015-06-09 11:55:39,990 INFO  [Log] **************************************************************************************** 
2015-06-09 11:55:39,991 INFO  [Log] $$$$$$$$$$$$$$$$$$$$$                 Login_01       $$$$$$$$$$$$$$$$$$$$$$$$$ 
2015-06-09 11:55:39,992 INFO  [Log] **************************************************************************************** 
2015-06-09 11:55:39,992 INFO  [Log] **************************************************************************************** 
2015-06-09 11:55:51,622 ERROR [Log] Class Utils | Method getCellData | Exception desc : null 
2015-06-09 11:56:01,534 INFO  [Log] Opening Browser 
2015-06-09 11:56:46,225 ERROR [Log] Class Utils | Method getCellData | Exception desc : null 
2015-06-09 11:56:57,925 INFO  [Log] Navigating to URL 
2015-06-09 11:58:11,584 INFO  [Log] Clicking on Webelement btn_MyAccount 
2015-06-09 12:00:08,273 INFO  [Log] Entering the text in Password 
2015-06-09 12:00:10,743 INFO  [Log] Clicking on Webelement btn_Login 
2015-06-09 12:00:10,744 ERROR [Log] Not able to click --- Cannot find elements when the XPath expression is null. 
2015-06-09 12:00:11,577 INFO  [Log] Closing the browser 
2015-06-09 12:00:12,280 INFO  [Log] XXXXXXXXXXXXXXXXXXXXXXX             -E---N---D-             XXXXXXXXXXXXXXXXXXXXXX 
2015-06-09 12:00:12,281 INFO  [Log] X 
2015-06-09 12:00:12,281 INFO  [Log] X 
2015-06-09 12:00:12,281 INFO  [Log] X 
2015-06-09 12:00:12,281 INFO  [Log] X 
2015-06-09 12:00:55,355 ERROR [Log] Class Utils | Method getCellData | Exception desc : null 
2015-06-09 12:00:55,763 INFO  [Log] **************************************************************************************** 
2015-06-09 12:00:55,764 INFO  [Log] **************************************************************************************** 
2015-06-09 12:00:55,765 INFO  [Log] $$$$$$$$$$$$$$$$$$$$$                 Login_01       $$$$$$$$$$$$$$$$$$$$$$$$$ 
2015-06-09 12:00:55,765 INFO  [Log] **************************************************************************************** 
2015-06-09 12:00:55,766 INFO  [Log] **************************************************************************************** 
2015-06-09 12:00:57,789 ERROR [Log] Class Utils | Method getCellData | Exception desc : null 
2015-06-09 12:01:02,468 INFO  [Log] Opening Browser 
2015-06-09 12:01:41,122 ERROR [Log] Class Utils | Method getCellData | Exception desc : null 
2015-06-09 12:01:49,364 INFO  [Log] Navigating to URL 
2015-06-09 12:02:18,067 INFO  [Log] Clicking on Webelement btn_MyAccount 
2015-06-09 12:04:27,035 ERROR [Log] Class Utils | Method getCellData | Exception desc : null 
2015-06-09 12:04:27,249 INFO  [Log] **************************************************************************************** 
2015-06-09 12:04:27,252 INFO  [Log] **************************************************************************************** 
2015-06-09 12:04:27,256 INFO  [Log] $$$$$$$$$$$$$$$$$$$$$                 Login_01       $$$$$$$$$$$$$$$$$$$$$$$$$ 
2015-06-09 12:04:27,259 INFO  [Log] **************************************************************************************** 
2015-06-09 12:04:27,262 INFO  [Log] **************************************************************************************** 
2015-06-09 12:04:29,657 ERROR [Log] Class Utils | Method getCellData | Exception desc : null 
2015-06-09 12:04:40,235 INFO  [Log] Opening Browser 
2015-06-09 12:05:49,993 ERROR [Log] Class Utils | Method getCellData | Exception desc : null 
2015-06-09 12:05:54,132 INFO  [Log] Navigating to URL 
2015-06-09 12:06:41,225 INFO  [Log] Clicking on Webelement btn_MyAccount 
2015-06-09 12:08:27,650 INFO  [Log] Entering the text in UserName 
2015-06-09 12:09:08,785 INFO  [Log] Entering the text in Password 
2015-06-09 12:10:47,406 INFO  [Log] Clicking on Webelement btn_Login 
2015-06-09 12:10:47,411 ERROR [Log] Not able to click --- Cannot find elements when the XPath expression is null. 
2015-06-09 12:11:14,386 INFO  [Log] Clicking on Webelement btn_Login 
2015-06-09 12:11:14,390 ERROR [Log] Not able to click --- Cannot find elements when the XPath expression is null. 
2015-06-09 12:11:22,819 INFO  [Log] Clicking on Webelement btn_Login 
2015-06-09 12:11:22,823 ERROR [Log] Not able to click --- Cannot find elements when the XPath expression is null. 
2015-06-09 12:11:46,115 INFO  [Log] Closing the browser 
2015-06-09 12:11:57,256 INFO  [Log] XXXXXXXXXXXXXXXXXXXXXXX             -E---N---D-             XXXXXXXXXXXXXXXXXXXXXX 
2015-06-09 12:11:57,260 INFO  [Log] X 
2015-06-09 12:11:57,262 INFO  [Log] X 
2015-06-09 12:11:57,264 INFO  [Log] X 
2015-06-09 12:11:57,266 INFO  [Log] X 
2015-06-09 12:13:29,710 ERROR [Log] Class Utils | Method getCellData | Exception desc : null 
2015-06-09 12:13:29,712 INFO  [Log] **************************************************************************************** 
2015-06-09 12:13:29,712 INFO  [Log] **************************************************************************************** 
2015-06-09 12:13:29,712 INFO  [Log] $$$$$$$$$$$$$$$$$$$$$                 Login_01       $$$$$$$$$$$$$$$$$$$$$$$$$ 
2015-06-09 12:13:29,712 INFO  [Log] **************************************************************************************** 
2015-06-09 12:13:29,712 INFO  [Log] **************************************************************************************** 
2015-06-09 12:13:29,713 ERROR [Log] Class Utils | Method getCellData | Exception desc : null 
2015-06-09 12:13:29,713 INFO  [Log] Opening Browser 
2015-06-09 12:13:47,461 ERROR [Log] Class Utils | Method getCellData | Exception desc : null 
2015-06-09 12:13:47,461 INFO  [Log] Navigating to URL 
2015-06-09 12:13:55,259 INFO  [Log] Clicking on Webelement btn_MyAccount 
2015-06-09 12:13:56,415 INFO  [Log] Entering the text in UserName 
2015-06-09 12:14:01,877 INFO  [Log] Entering the text in Password 
2015-06-09 12:14:02,518 INFO  [Log] Clicking on Webelement btn_Login 
2015-06-09 12:14:03,718 ERROR [Log] Class Utils | Method getCellData | Exception desc : null 
2015-06-09 12:14:03,719 INFO  [Log] Wait for 5 seconds 
2015-06-09 12:14:08,928 INFO  [Log] Clicking on Webelement btn_Logout 
2015-06-09 12:14:08,928 ERROR [Log] Not able to click --- Cannot find elements when the XPath expression is null. 
2015-06-09 12:14:09,124 INFO  [Log] Closing the browser 
2015-06-09 12:14:10,104 INFO  [Log] XXXXXXXXXXXXXXXXXXXXXXX             -E---N---D-             XXXXXXXXXXXXXXXXXXXXXX 
2015-06-09 12:14:10,105 INFO  [Log] X 
2015-06-09 12:14:10,105 INFO  [Log] X 
2015-06-09 12:14:10,105 INFO  [Log] X 
2015-06-09 12:14:10,105 INFO  [Log] X 
2015-06-09 13:38:00,850 ERROR [Log] Class Utils | Method getCellData | Exception desc : null 
2015-06-09 13:38:00,851 INFO  [Log] **************************************************************************************** 
2015-06-09 13:38:00,852 INFO  [Log] **************************************************************************************** 
2015-06-09 13:38:00,852 INFO  [Log] $$$$$$$$$$$$$$$$$$$$$                 Login_01       $$$$$$$$$$$$$$$$$$$$$$$$$ 
2015-06-09 13:38:00,852 INFO  [Log] **************************************************************************************** 
2015-06-09 13:38:00,852 INFO  [Log] **************************************************************************************** 
2015-06-09 13:38:00,852 ERROR [Log] Class Utils | Method getCellData | Exception desc : null 
2015-06-09 13:38:00,853 INFO  [Log] Opening Browser 
2015-06-09 13:38:14,662 ERROR [Log] Class Utils | Method getCellData | Exception desc : null 
2015-06-09 13:38:14,662 INFO  [Log] Navigating to URL 
2015-06-09 13:38:21,729 INFO  [Log] Clicking on Webelement btn_MyAccount 
2015-06-09 13:38:22,418 INFO  [Log] Entering the text in UserName 
2015-06-09 13:38:27,671 INFO  [Log] Entering the text in Password 
2015-06-09 13:38:28,040 INFO  [Log] Clicking on Webelement btn_Login 
2015-06-09 13:38:28,529 ERROR [Log] Class Utils | Method getCellData | Exception desc : null 
2015-06-09 13:38:28,529 INFO  [Log] Wait for 5 seconds 
2015-06-09 13:38:33,718 INFO  [Log] Clicking on Webelement btn_Logout 
2015-06-09 13:38:33,718 ERROR [Log] Not able to click --- Cannot find elements when the XPath expression is null. 
2015-06-09 13:38:33,890 INFO  [Log] Closing the browser 
2015-06-09 13:38:35,059 INFO  [Log] XXXXXXXXXXXXXXXXXXXXXXX             -E---N---D-             XXXXXXXXXXXXXXXXXXXXXX 
2015-06-09 13:38:35,059 INFO  [Log] X 
2015-06-09 13:38:35,059 INFO  [Log] X 
2015-06-09 13:38:35,059 INFO  [Log] X 
2015-06-09 13:38:35,059 INFO  [Log] X 
2015-06-09 14:02:55,687 ERROR [Log] Class Utils | Method getCellData | Exception desc : null 
2015-06-09 14:02:55,693 INFO  [Log] **************************************************************************************** 
2015-06-09 14:02:55,696 INFO  [Log] **************************************************************************************** 
2015-06-09 14:02:55,700 INFO  [Log] $$$$$$$$$$$$$$$$$$$$$                 Login_01       $$$$$$$$$$$$$$$$$$$$$$$$$ 
2015-06-09 14:02:55,703 INFO  [Log] **************************************************************************************** 
2015-06-09 14:02:55,706 INFO  [Log] **************************************************************************************** 
2015-06-09 14:02:57,512 ERROR [Log] Class Utils | Method getCellData | Exception desc : null 
2015-06-09 14:03:02,547 INFO  [Log] Opening Browser 
2015-06-09 14:04:33,357 INFO  [Log] Unable to open the browserFailed to connect to binary FirefoxBinary(C:\Program Files (x86)\Mozilla Firefox\firefox.exe) on port 7055; process output follows: 
vider finished startup: XPIProvider
1433855028535	addons.manager	DEBUG	Starting provider: LightweightThemeManager
1433855028536	addons.manager	DEBUG	Registering shutdown blocker for LightweightThemeManager
1433855028537	addons.manager	DEBUG	Provider finished startup: LightweightThemeManager
1433855028537	addons.manager	DEBUG	Starting provider: GMPProvider
1433855028546	addons.manager	DEBUG	Registering shutdown blocker for GMPProvider
1433855028547	addons.manager	DEBUG	Provider finished startup: GMPProvider
1433855028548	addons.manager	DEBUG	Starting provider: PluginProvider
1433855028548	addons.manager	DEBUG	Registering shutdown blocker for PluginProvider
1433855028550	addons.manager	DEBUG	Provider finished startup: PluginProvider
1433855028550	addons.manager	DEBUG	Completed startup sequence
1433855028974	addons.xpi-utils	DEBUG	Starting async load of XPI database C:\Users\home\AppData\Local\Temp\anonymous8605633555270644261webdriver-profile\extensions.json
1433855028981	addons.manager	DEBUG	Starting provider: <unnamed-provider>
1433855028981	addons.manager	DEBUG	Registering shutdown blocker for <unnamed-provider>
1433855028983	addons.manager	DEBUG	Provider finished startup: <unnamed-provider>
1433855029774	addons.xpi-utils	DEBUG	Async JSON file read took 0 MS
1433855029774	addons.xpi-utils	DEBUG	Finished async read of XPI database, parsing...
1433855029778	addons.xpi-utils	DEBUG	Successfully read XPI database
*** Blocklist::_loadBlocklistFromFile: blocklist is disabled
JavaScript error: file:///C:/Users/home/AppData/Local/Temp/anonymous8605633555270644261webdriver-profile/extensions/fxdriver@googlecode.com/components/driver-component.js, line 11487: TypeError: this.server_ is undefined
JavaScript error: chrome://fxdriver/content/server.js, line 38: NS_ERROR_XPC_CI_RETURNED_FAILURE: Component returned failure code: 0x80570015 (NS_ERROR_XPC_CI_RETURNED_FAILURE) [nsIJSCID.createInstance]
console.error: skype_ff_extension: 
  DEPRECATED: The widget module is deprecated.  Please consider using the sdk/ui module instead.
Traceback (most recent call last):
  File "resource://gre/modules/Promise-backend.js", line 867, in Handler.prototype.process
    nextValue = this.onResolve.call(undefined, nextValue);
  File "resource://gre/modules/commonjs/sdk/addon/runner.js", line 86, in startup/</<
    run(options);
  File "resource://gre/modules/commonjs/sdk/addon/runner.js", line 145, in run
    let program = main(options.loader, options.main);
  File "resource://gre/modules/commonjs/toolkit/loader.js", line 697, in main
    return loader.load(loader, module).exports;
  File "resource://gre/modules/commonjs/sdk/loader/cuddlefish.js", line 79, in CuddlefishLoader/options<.load
    result = load(loader, module);
  File "resource://gre/modules/commonjs/toolkit/loader.js", line 323, in load
    evaluate(sandbox, module.uri);
  File "resource://gre/modules/commonjs/toolkit/loader.js", line 271, in evaluate
    : loadSubScript(uri, sandbox, encoding);
  File "resource://skype_ff_extension-at-jetpack/skype_ff_extension/lib/main.js", line 14, in null
    var widgets = require("sdk/widget");
  File "resource://gre/modules/commonjs/toolkit/loader.js", line 604, in require
    freeze(load(loader, module));
  File "resource://gre/modules/commonjs/sdk/loader/cuddlefish.js", line 79, in CuddlefishLoader/options<.load
    result = load(loader, module);
  File "resource://gre/modules/commonjs/toolkit/loader.js", line 323, in load
    evaluate(sandbox, module.uri);
  File "resource://gre/modules/commonjs/toolkit/loader.js", line 271, in evaluate
    : loadSubScript(uri, sandbox, encoding);
  File "resource://gre/modules/commonjs/sdk/widget.js", line 59, in null
    require("./util/deprecate").deprecateUsage(
  File "resource://gre/modules/commonjs/sdk/util/deprecate.js", line 18, in deprecateUsage
    let stack = get().slice(2);
JavaScript error: resource://skype_ff_extension-at-jetpack/skype_ff_extension/data/c2c_options_menu_localization.js, line 189: TypeError: document.getElementById(...) is null

Build info: version: '2.44.0', revision: '76d78cf', time: '2014-10-23 20:03:00'
System info: host: 'home-PC', ip: '192.168.137.1', os.name: 'Windows 7', os.arch: 'amd64', os.version: '6.1', java.version: '1.7.0_75'
Driver info: driver.version: FirefoxDriver 
2015-06-09 14:05:08,257 ERROR [Log] Class Utils | Method getCellData | Exception desc : null 
2015-06-09 14:05:08,838 INFO  [Log] **************************************************************************************** 
2015-06-09 14:05:08,842 INFO  [Log] **************************************************************************************** 
2015-06-09 14:05:08,845 INFO  [Log] $$$$$$$$$$$$$$$$$$$$$                 Login_01       $$$$$$$$$$$$$$$$$$$$$$$$$ 
2015-06-09 14:05:08,848 INFO  [Log] **************************************************************************************** 
2015-06-09 14:05:08,851 INFO  [Log] **************************************************************************************** 
2015-06-09 14:05:13,126 ERROR [Log] Class Utils | Method getCellData | Exception desc : null 
2015-06-09 14:05:22,818 INFO  [Log] Opening Browser 
2015-06-09 14:06:53,970 INFO  [Log] Unable to open the browserFailed to connect to binary FirefoxBinary(C:\Program Files (x86)\Mozilla Firefox\firefox.exe) on port 7055; process output follows: 
vider finished startup: XPIProvider
1433855168980	addons.manager	DEBUG	Starting provider: LightweightThemeManager
1433855168980	addons.manager	DEBUG	Registering shutdown blocker for LightweightThemeManager
1433855168981	addons.manager	DEBUG	Provider finished startup: LightweightThemeManager
1433855168982	addons.manager	DEBUG	Starting provider: GMPProvider
1433855168991	addons.manager	DEBUG	Registering shutdown blocker for GMPProvider
1433855168992	addons.manager	DEBUG	Provider finished startup: GMPProvider
1433855168992	addons.manager	DEBUG	Starting provider: PluginProvider
1433855168993	addons.manager	DEBUG	Registering shutdown blocker for PluginProvider
1433855168994	addons.manager	DEBUG	Provider finished startup: PluginProvider
1433855168994	addons.manager	DEBUG	Completed startup sequence
1433855169410	addons.xpi-utils	DEBUG	Starting async load of XPI database C:\Users\home\AppData\Local\Temp\anonymous6439657658805351559webdriver-profile\extensions.json
1433855169417	addons.manager	DEBUG	Starting provider: <unnamed-provider>
1433855169417	addons.manager	DEBUG	Registering shutdown blocker for <unnamed-provider>
1433855169419	addons.manager	DEBUG	Provider finished startup: <unnamed-provider>
1433855170123	addons.xpi-utils	DEBUG	Async JSON file read took 0 MS
1433855170124	addons.xpi-utils	DEBUG	Finished async read of XPI database, parsing...
1433855170126	addons.xpi-utils	DEBUG	Successfully read XPI database
*** Blocklist::_loadBlocklistFromFile: blocklist is disabled
JavaScript error: file:///C:/Users/home/AppData/Local/Temp/anonymous6439657658805351559webdriver-profile/extensions/fxdriver@googlecode.com/components/driver-component.js, line 11487: TypeError: this.server_ is undefined
JavaScript error: chrome://fxdriver/content/server.js, line 38: NS_ERROR_XPC_CI_RETURNED_FAILURE: Component returned failure code: 0x80570015 (NS_ERROR_XPC_CI_RETURNED_FAILURE) [nsIJSCID.createInstance]
console.error: skype_ff_extension: 
  DEPRECATED: The widget module is deprecated.  Please consider using the sdk/ui module instead.
Traceback (most recent call last):
  File "resource://gre/modules/Promise-backend.js", line 867, in Handler.prototype.process
    nextValue = this.onResolve.call(undefined, nextValue);
  File "resource://gre/modules/commonjs/sdk/addon/runner.js", line 86, in startup/</<
    run(options);
  File "resource://gre/modules/commonjs/sdk/addon/runner.js", line 145, in run
    let program = main(options.loader, options.main);
  File "resource://gre/modules/commonjs/toolkit/loader.js", line 697, in main
    return loader.load(loader, module).exports;
  File "resource://gre/modules/commonjs/sdk/loader/cuddlefish.js", line 79, in CuddlefishLoader/options<.load
    result = load(loader, module);
  File "resource://gre/modules/commonjs/toolkit/loader.js", line 323, in load
    evaluate(sandbox, module.uri);
  File "resource://gre/modules/commonjs/toolkit/loader.js", line 271, in evaluate
    : loadSubScript(uri, sandbox, encoding);
  File "resource://skype_ff_extension-at-jetpack/skype_ff_extension/lib/main.js", line 14, in null
    var widgets = require("sdk/widget");
  File "resource://gre/modules/commonjs/toolkit/loader.js", line 604, in require
    freeze(load(loader, module));
  File "resource://gre/modules/commonjs/sdk/loader/cuddlefish.js", line 79, in CuddlefishLoader/options<.load
    result = load(loader, module);
  File "resource://gre/modules/commonjs/toolkit/loader.js", line 323, in load
    evaluate(sandbox, module.uri);
  File "resource://gre/modules/commonjs/toolkit/loader.js", line 271, in evaluate
    : loadSubScript(uri, sandbox, encoding);
  File "resource://gre/modules/commonjs/sdk/widget.js", line 59, in null
    require("./util/deprecate").deprecateUsage(
  File "resource://gre/modules/commonjs/sdk/util/deprecate.js", line 18, in deprecateUsage
    let stack = get().slice(2);
JavaScript error: resource://skype_ff_extension-at-jetpack/skype_ff_extension/data/c2c_options_menu_localization.js, line 189: TypeError: document.getElementById(...) is null

Build info: version: '2.44.0', revision: '76d78cf', time: '2014-10-23 20:03:00'
System info: host: 'home-PC', ip: '192.168.137.1', os.name: 'Windows 7', os.arch: 'amd64', os.version: '6.1', java.version: '1.7.0_75'
Driver info: driver.version: FirefoxDriver 
2015-06-09 14:07:16,103 ERROR [Log] Class Utils | Method getCellData | Exception desc : null 
2015-06-09 14:07:16,104 INFO  [Log] **************************************************************************************** 
2015-06-09 14:07:16,104 INFO  [Log] **************************************************************************************** 
2015-06-09 14:07:16,104 INFO  [Log] $$$$$$$$$$$$$$$$$$$$$                 Login_01       $$$$$$$$$$$$$$$$$$$$$$$$$ 
2015-06-09 14:07:16,104 INFO  [Log] **************************************************************************************** 
2015-06-09 14:07:16,104 INFO  [Log] **************************************************************************************** 
2015-06-09 14:07:16,105 ERROR [Log] Class Utils | Method getCellData | Exception desc : null 
2015-06-09 14:07:16,105 INFO  [Log] Opening Browser 
2015-06-09 14:08:17,891 INFO  [Log] Unable to open the browserFailed to connect to binary FirefoxBinary(C:\Program Files (x86)\Mozilla Firefox\firefox.exe) on port 7055; process output follows: 
vider finished startup: XPIProvider
1433855253124	addons.manager	DEBUG	Starting provider: LightweightThemeManager
1433855253125	addons.manager	DEBUG	Registering shutdown blocker for LightweightThemeManager
1433855253125	addons.manager	DEBUG	Provider finished startup: LightweightThemeManager
1433855253126	addons.manager	DEBUG	Starting provider: GMPProvider
1433855253133	addons.manager	DEBUG	Registering shutdown blocker for GMPProvider
1433855253134	addons.manager	DEBUG	Provider finished startup: GMPProvider
1433855253134	addons.manager	DEBUG	Starting provider: PluginProvider
1433855253134	addons.manager	DEBUG	Registering shutdown blocker for PluginProvider
1433855253135	addons.manager	DEBUG	Provider finished startup: PluginProvider
1433855253136	addons.manager	DEBUG	Completed startup sequence
1433855253450	addons.xpi-utils	DEBUG	Starting async load of XPI database C:\Users\home\AppData\Local\Temp\anonymous3495743955257763776webdriver-profile\extensions.json
1433855253456	addons.manager	DEBUG	Starting provider: <unnamed-provider>
1433855253456	addons.manager	DEBUG	Registering shutdown blocker for <unnamed-provider>
1433855253457	addons.manager	DEBUG	Provider finished startup: <unnamed-provider>
1433855254016	addons.xpi-utils	DEBUG	Async JSON file read took 0 MS
1433855254016	addons.xpi-utils	DEBUG	Finished async read of XPI database, parsing...
1433855254018	addons.xpi-utils	DEBUG	Successfully read XPI database
*** Blocklist::_loadBlocklistFromFile: blocklist is disabled
JavaScript error: file:///C:/Users/home/AppData/Local/Temp/anonymous3495743955257763776webdriver-profile/extensions/fxdriver@googlecode.com/components/driver-component.js, line 11487: TypeError: this.server_ is undefined
JavaScript error: chrome://fxdriver/content/server.js, line 38: NS_ERROR_XPC_CI_RETURNED_FAILURE: Component returned failure code: 0x80570015 (NS_ERROR_XPC_CI_RETURNED_FAILURE) [nsIJSCID.createInstance]
console.error: skype_ff_extension: 
  DEPRECATED: The widget module is deprecated.  Please consider using the sdk/ui module instead.
Traceback (most recent call last):
  File "resource://gre/modules/Promise-backend.js", line 867, in Handler.prototype.process
    nextValue = this.onResolve.call(undefined, nextValue);
  File "resource://gre/modules/commonjs/sdk/addon/runner.js", line 86, in startup/</<
    run(options);
  File "resource://gre/modules/commonjs/sdk/addon/runner.js", line 145, in run
    let program = main(options.loader, options.main);
  File "resource://gre/modules/commonjs/toolkit/loader.js", line 697, in main
    return loader.load(loader, module).exports;
  File "resource://gre/modules/commonjs/sdk/loader/cuddlefish.js", line 79, in CuddlefishLoader/options<.load
    result = load(loader, module);
  File "resource://gre/modules/commonjs/toolkit/loader.js", line 323, in load
    evaluate(sandbox, module.uri);
  File "resource://gre/modules/commonjs/toolkit/loader.js", line 271, in evaluate
    : loadSubScript(uri, sandbox, encoding);
  File "resource://skype_ff_extension-at-jetpack/skype_ff_extension/lib/main.js", line 14, in null
    var widgets = require("sdk/widget");
  File "resource://gre/modules/commonjs/toolkit/loader.js", line 604, in require
    freeze(load(loader, module));
  File "resource://gre/modules/commonjs/sdk/loader/cuddlefish.js", line 79, in CuddlefishLoader/options<.load
    result = load(loader, module);
  File "resource://gre/modules/commonjs/toolkit/loader.js", line 323, in load
    evaluate(sandbox, module.uri);
  File "resource://gre/modules/commonjs/toolkit/loader.js", line 271, in evaluate
    : loadSubScript(uri, sandbox, encoding);
  File "resource://gre/modules/commonjs/sdk/widget.js", line 59, in null
    require("./util/deprecate").deprecateUsage(
  File "resource://gre/modules/commonjs/sdk/util/deprecate.js", line 18, in deprecateUsage
    let stack = get().slice(2);
JavaScript error: resource://skype_ff_extension-at-jetpack/skype_ff_extension/data/c2c_options_menu_localization.js, line 189: TypeError: document.getElementById(...) is null

Build info: version: '2.44.0', revision: '76d78cf', time: '2014-10-23 20:03:00'
System info: host: 'home-PC', ip: '192.168.137.1', os.name: 'Windows 7', os.arch: 'amd64', os.version: '6.1', java.version: '1.7.0_75'
Driver info: driver.version: FirefoxDriver 
2015-06-09 14:08:18,454 INFO  [Log] Closing the browser 
2015-06-09 14:08:18,455 ERROR [Log] Not able to Close the Browser --- null 
2015-06-09 14:08:18,709 INFO  [Log] XXXXXXXXXXXXXXXXXXXXXXX             -E---N---D-             XXXXXXXXXXXXXXXXXXXXXX 
2015-06-09 14:08:18,709 INFO  [Log] X 
2015-06-09 14:08:18,710 INFO  [Log] X 
2015-06-09 14:08:18,710 INFO  [Log] X 
2015-06-09 14:08:18,710 INFO  [Log] X 
2015-06-09 14:16:46,009 ERROR [Log] Class Utils | Method getCellData | Exception desc : null 
2015-06-09 14:16:46,011 INFO  [Log] **************************************************************************************** 
2015-06-09 14:16:46,011 INFO  [Log] **************************************************************************************** 
2015-06-09 14:16:46,011 INFO  [Log] $$$$$$$$$$$$$$$$$$$$$                 Login_01       $$$$$$$$$$$$$$$$$$$$$$$$$ 
2015-06-09 14:16:46,011 INFO  [Log] **************************************************************************************** 
2015-06-09 14:16:46,011 INFO  [Log] **************************************************************************************** 
2015-06-09 14:16:46,012 ERROR [Log] Class Utils | Method getCellData | Exception desc : null 
2015-06-09 14:16:46,012 INFO  [Log] Opening Browser 
2015-06-09 14:17:49,029 INFO  [Log] Unable to open the browserFailed to connect to binary FirefoxBinary(C:\Program Files (x86)\Mozilla Firefox\firefox.exe) on port 7055; process output follows: 
vider finished startup: XPIProvider
1433855824365	addons.manager	DEBUG	Starting provider: LightweightThemeManager
1433855824365	addons.manager	DEBUG	Registering shutdown blocker for LightweightThemeManager
1433855824366	addons.manager	DEBUG	Provider finished startup: LightweightThemeManager
1433855824367	addons.manager	DEBUG	Starting provider: GMPProvider
1433855824376	addons.manager	DEBUG	Registering shutdown blocker for GMPProvider
1433855824377	addons.manager	DEBUG	Provider finished startup: GMPProvider
1433855824377	addons.manager	DEBUG	Starting provider: PluginProvider
1433855824378	addons.manager	DEBUG	Registering shutdown blocker for PluginProvider
1433855824379	addons.manager	DEBUG	Provider finished startup: PluginProvider
1433855824379	addons.manager	DEBUG	Completed startup sequence
1433855824771	addons.xpi-utils	DEBUG	Starting async load of XPI database C:\Users\home\AppData\Local\Temp\anonymous3480828226814720731webdriver-profile\extensions.json
1433855824778	addons.manager	DEBUG	Starting provider: <unnamed-provider>
1433855824778	addons.manager	DEBUG	Registering shutdown blocker for <unnamed-provider>
1433855824780	addons.manager	DEBUG	Provider finished startup: <unnamed-provider>
1433855825463	addons.xpi-utils	DEBUG	Async JSON file read took 0 MS
1433855825463	addons.xpi-utils	DEBUG	Finished async read of XPI database, parsing...
1433855825466	addons.xpi-utils	DEBUG	Successfully read XPI database
*** Blocklist::_loadBlocklistFromFile: blocklist is disabled
JavaScript error: file:///C:/Users/home/AppData/Local/Temp/anonymous3480828226814720731webdriver-profile/extensions/fxdriver@googlecode.com/components/driver-component.js, line 11487: TypeError: this.server_ is undefined
JavaScript error: chrome://fxdriver/content/server.js, line 38: NS_ERROR_XPC_CI_RETURNED_FAILURE: Component returned failure code: 0x80570015 (NS_ERROR_XPC_CI_RETURNED_FAILURE) [nsIJSCID.createInstance]
console.error: skype_ff_extension: 
  DEPRECATED: The widget module is deprecated.  Please consider using the sdk/ui module instead.
Traceback (most recent call last):
  File "resource://gre/modules/Promise-backend.js", line 867, in Handler.prototype.process
    nextValue = this.onResolve.call(undefined, nextValue);
  File "resource://gre/modules/commonjs/sdk/addon/runner.js", line 86, in startup/</<
    run(options);
  File "resource://gre/modules/commonjs/sdk/addon/runner.js", line 145, in run
    let program = main(options.loader, options.main);
  File "resource://gre/modules/commonjs/toolkit/loader.js", line 697, in main
    return loader.load(loader, module).exports;
  File "resource://gre/modules/commonjs/sdk/loader/cuddlefish.js", line 79, in CuddlefishLoader/options<.load
    result = load(loader, module);
  File "resource://gre/modules/commonjs/toolkit/loader.js", line 323, in load
    evaluate(sandbox, module.uri);
  File "resource://gre/modules/commonjs/toolkit/loader.js", line 271, in evaluate
    : loadSubScript(uri, sandbox, encoding);
  File "resource://skype_ff_extension-at-jetpack/skype_ff_extension/lib/main.js", line 14, in null
    var widgets = require("sdk/widget");
  File "resource://gre/modules/commonjs/toolkit/loader.js", line 604, in require
    freeze(load(loader, module));
  File "resource://gre/modules/commonjs/sdk/loader/cuddlefish.js", line 79, in CuddlefishLoader/options<.load
    result = load(loader, module);
  File "resource://gre/modules/commonjs/toolkit/loader.js", line 323, in load
    evaluate(sandbox, module.uri);
  File "resource://gre/modules/commonjs/toolkit/loader.js", line 271, in evaluate
    : loadSubScript(uri, sandbox, encoding);
  File "resource://gre/modules/commonjs/sdk/widget.js", line 59, in null
    require("./util/deprecate").deprecateUsage(
  File "resource://gre/modules/commonjs/sdk/util/deprecate.js", line 18, in deprecateUsage
    let stack = get().slice(2);
JavaScript error: resource://skype_ff_extension-at-jetpack/skype_ff_extension/data/c2c_options_menu_localization.js, line 189: TypeError: document.getElementById(...) is null

Build info: version: '2.44.0', revision: '76d78cf', time: '2014-10-23 20:03:00'
System info: host: 'home-PC', ip: '192.168.137.1', os.name: 'Windows 7', os.arch: 'amd64', os.version: '6.1', java.version: '1.7.0_75'
Driver info: driver.version: FirefoxDriver 
2015-06-09 14:17:49,576 INFO  [Log] Closing the browser 
2015-06-09 14:17:49,576 ERROR [Log] Not able to Close the Browser --- null 
2015-06-09 14:17:49,827 INFO  [Log] XXXXXXXXXXXXXXXXXXXXXXX             -E---N---D-             XXXXXXXXXXXXXXXXXXXXXX 
2015-06-09 14:17:49,827 INFO  [Log] X 
2015-06-09 14:17:49,827 INFO  [Log] X 
2015-06-09 14:17:49,827 INFO  [Log] X 
2015-06-09 14:17:49,828 INFO  [Log] X 
2015-06-09 14:22:22,307 ERROR [Log] Class Utils | Method getCellData | Exception desc : null 
2015-06-09 14:22:22,308 INFO  [Log] **************************************************************************************** 
2015-06-09 14:22:22,309 INFO  [Log] **************************************************************************************** 
2015-06-09 14:22:22,309 INFO  [Log] $$$$$$$$$$$$$$$$$$$$$                 Login_01       $$$$$$$$$$$$$$$$$$$$$$$$$ 
2015-06-09 14:22:22,309 INFO  [Log] **************************************************************************************** 
2015-06-09 14:22:22,309 INFO  [Log] **************************************************************************************** 
2015-06-09 14:22:22,310 ERROR [Log] Class Utils | Method getCellData | Exception desc : null 
2015-06-09 14:22:22,310 INFO  [Log] Opening Browser 
2015-06-09 14:22:22,914 INFO  [Log] Closing the browser 
2015-06-09 14:22:22,917 ERROR [Log] Not able to Close the Browser --- null 
2015-06-09 14:22:23,238 INFO  [Log] XXXXXXXXXXXXXXXXXXXXXXX             -E---N---D-             XXXXXXXXXXXXXXXXXXXXXX 
2015-06-09 14:22:23,239 INFO  [Log] X 
2015-06-09 14:22:23,239 INFO  [Log] X 
2015-06-09 14:22:23,239 INFO  [Log] X 
2015-06-09 14:22:23,239 INFO  [Log] X 
2015-06-09 14:23:46,233 ERROR [Log] Class Utils | Method getCellData | Exception desc : null 
2015-06-09 14:23:46,234 INFO  [Log] **************************************************************************************** 
2015-06-09 14:23:46,235 INFO  [Log] **************************************************************************************** 
2015-06-09 14:23:46,235 INFO  [Log] $$$$$$$$$$$$$$$$$$$$$                 Login_01       $$$$$$$$$$$$$$$$$$$$$$$$$ 
2015-06-09 14:23:46,235 INFO  [Log] **************************************************************************************** 
2015-06-09 14:23:46,235 INFO  [Log] **************************************************************************************** 
2015-06-09 14:23:46,236 ERROR [Log] Class Utils | Method getCellData | Exception desc : null 
2015-06-09 14:23:46,236 INFO  [Log] Opening Browser 
2015-06-09 14:23:51,184 INFO  [Log] Unable to open the browserThe driver executable does not exist: \\driver\chromedriver 
2015-06-09 14:23:51,812 INFO  [Log] Closing the browser 
2015-06-09 14:23:51,812 ERROR [Log] Not able to Close the Browser --- null 
2015-06-09 14:23:52,131 INFO  [Log] XXXXXXXXXXXXXXXXXXXXXXX             -E---N---D-             XXXXXXXXXXXXXXXXXXXXXX 
2015-06-09 14:23:52,131 INFO  [Log] X 
2015-06-09 14:23:52,131 INFO  [Log] X 
2015-06-09 14:23:52,131 INFO  [Log] X 
2015-06-09 14:23:52,131 INFO  [Log] X 
2015-06-09 14:24:10,783 ERROR [Log] Class Utils | Method getCellData | Exception desc : null 
2015-06-09 14:24:10,784 INFO  [Log] **************************************************************************************** 
2015-06-09 14:24:10,784 INFO  [Log] **************************************************************************************** 
2015-06-09 14:24:10,784 INFO  [Log] $$$$$$$$$$$$$$$$$$$$$                 Login_01       $$$$$$$$$$$$$$$$$$$$$$$$$ 
2015-06-09 14:24:10,784 INFO  [Log] **************************************************************************************** 
2015-06-09 14:24:10,784 INFO  [Log] **************************************************************************************** 
2015-06-09 14:24:10,785 ERROR [Log] Class Utils | Method getCellData | Exception desc : null 
2015-06-09 14:24:10,785 INFO  [Log] Opening Browser 
2015-06-09 14:24:10,867 INFO  [Log] Unable to open the browserThe driver executable does not exist: D:\Testing Edureka\workspace\KeywordDriven\.\driver\chromedriver 
2015-06-09 14:24:11,284 INFO  [Log] Closing the browser 
2015-06-09 14:24:11,284 ERROR [Log] Not able to Close the Browser --- null 
2015-06-09 14:24:11,497 INFO  [Log] XXXXXXXXXXXXXXXXXXXXXXX             -E---N---D-             XXXXXXXXXXXXXXXXXXXXXX 
2015-06-09 14:24:11,498 INFO  [Log] X 
2015-06-09 14:24:11,498 INFO  [Log] X 
2015-06-09 14:24:11,498 INFO  [Log] X 
2015-06-09 14:24:11,498 INFO  [Log] X 
2015-06-09 14:25:37,565 ERROR [Log] Class Utils | Method getCellData | Exception desc : null 
2015-06-09 14:25:37,567 INFO  [Log] **************************************************************************************** 
2015-06-09 14:25:37,567 INFO  [Log] **************************************************************************************** 
2015-06-09 14:25:37,567 INFO  [Log] $$$$$$$$$$$$$$$$$$$$$                 Login_01       $$$$$$$$$$$$$$$$$$$$$$$$$ 
2015-06-09 14:25:37,567 INFO  [Log] **************************************************************************************** 
2015-06-09 14:25:37,568 INFO  [Log] **************************************************************************************** 
2015-06-09 14:25:37,568 ERROR [Log] Class Utils | Method getCellData | Exception desc : null 
2015-06-09 14:25:37,568 INFO  [Log] Opening Browser 
2015-06-09 14:25:42,814 INFO  [Log] Closing the browser 
2015-06-09 14:25:44,405 INFO  [Log] XXXXXXXXXXXXXXXXXXXXXXX             -E---N---D-             XXXXXXXXXXXXXXXXXXXXXX 
2015-06-09 14:25:44,405 INFO  [Log] X 
2015-06-09 14:25:44,405 INFO  [Log] X 
2015-06-09 14:25:44,405 INFO  [Log] X 
2015-06-09 14:25:44,405 INFO  [Log] X 
2015-06-09 14:27:23,668 ERROR [Log] Class Utils | Method getCellData | Exception desc : null 
2015-06-09 14:27:23,673 INFO  [Log] **************************************************************************************** 
2015-06-09 14:27:23,675 INFO  [Log] **************************************************************************************** 
2015-06-09 14:27:23,678 INFO  [Log] $$$$$$$$$$$$$$$$$$$$$                 Login_01       $$$$$$$$$$$$$$$$$$$$$$$$$ 
2015-06-09 14:27:23,681 INFO  [Log] **************************************************************************************** 
2015-06-09 14:27:23,683 INFO  [Log] **************************************************************************************** 
2015-06-09 14:27:24,971 ERROR [Log] Class Utils | Method getCellData | Exception desc : null 
2015-06-09 14:27:26,155 INFO  [Log] Opening Browser 
2015-06-09 14:28:34,764 INFO  [Log] Closing the browser 
2015-06-09 14:29:09,015 ERROR [Log] Class Utils | Method getCellData | Exception desc : null 
2015-06-09 14:29:10,724 INFO  [Log] **************************************************************************************** 
2015-06-09 14:29:10,728 INFO  [Log] **************************************************************************************** 
2015-06-09 14:29:10,732 INFO  [Log] $$$$$$$$$$$$$$$$$$$$$                 Login_01       $$$$$$$$$$$$$$$$$$$$$$$$$ 
2015-06-09 14:29:10,735 INFO  [Log] **************************************************************************************** 
2015-06-09 14:29:10,738 INFO  [Log] **************************************************************************************** 
2015-06-09 14:29:17,909 ERROR [Log] Class Utils | Method getCellData | Exception desc : null 
2015-06-09 14:29:53,564 INFO  [Log] Opening Browser 
2015-06-09 14:31:46,363 ERROR [Log] Class Utils | Method getCellData | Exception desc : null 
2015-06-09 14:31:46,939 INFO  [Log] **************************************************************************************** 
2015-06-09 14:31:46,942 INFO  [Log] **************************************************************************************** 
2015-06-09 14:31:46,946 INFO  [Log] $$$$$$$$$$$$$$$$$$$$$                 Login_01       $$$$$$$$$$$$$$$$$$$$$$$$$ 
2015-06-09 14:31:46,949 INFO  [Log] **************************************************************************************** 
2015-06-09 14:31:46,952 INFO  [Log] **************************************************************************************** 
2015-06-09 14:31:48,949 ERROR [Log] Class Utils | Method getCellData | Exception desc : null 
2015-06-09 14:31:51,980 INFO  [Log] Opening Browser 
2015-06-09 14:33:00,859 ERROR [Log] Class Utils | Method getCellData | Exception desc : null 
2015-06-09 14:33:05,899 INFO  [Log] Navigating to URL 
2015-06-09 14:33:48,395 INFO  [Log] Clicking on Webelement btn_MyAccount 
2015-06-09 14:34:12,715 INFO  [Log] Entering the text in UserName 
2015-06-09 14:34:45,091 INFO  [Log] Entering the text in Password 
2015-06-09 14:35:15,835 INFO  [Log] Clicking on Webelement btn_Login 
2015-06-09 14:35:43,644 ERROR [Log] Class Utils | Method getCellData | Exception desc : null 
2015-06-09 14:35:50,786 INFO  [Log] Wait for 5 seconds 
2015-06-09 14:37:01,434 INFO  [Log] Clicking on Webelement btn_Logout 
2015-06-09 14:37:01,439 ERROR [Log] Not able to click --- Cannot find elements when the XPath expression is null. 
2015-06-09 14:37:30,810 ERROR [Log] Class Utils | Method getCellData | Exception desc : null 
2015-06-09 14:37:32,183 INFO  [Log] Closing the browser 
2015-06-09 14:37:52,593 INFO  [Log] XXXXXXXXXXXXXXXXXXXXXXX             -E---N---D-             XXXXXXXXXXXXXXXXXXXXXX 
2015-06-09 14:37:52,595 INFO  [Log] X 
2015-06-09 14:37:52,596 INFO  [Log] X 
2015-06-09 14:37:52,596 INFO  [Log] X 
2015-06-09 14:37:52,597 INFO  [Log] X 
2015-06-09 14:39:36,304 ERROR [Log] Class Utils | Method getCellData | Exception desc : null 
2015-06-09 14:39:36,830 INFO  [Log] **************************************************************************************** 
2015-06-09 14:39:36,834 INFO  [Log] **************************************************************************************** 
2015-06-09 14:39:36,837 INFO  [Log] $$$$$$$$$$$$$$$$$$$$$                 Login_01       $$$$$$$$$$$$$$$$$$$$$$$$$ 
2015-06-09 14:39:36,840 INFO  [Log] **************************************************************************************** 
2015-06-09 14:39:36,844 INFO  [Log] **************************************************************************************** 
2015-06-09 14:39:38,985 ERROR [Log] Class Utils | Method getCellData | Exception desc : null 
2015-06-09 14:39:44,385 INFO  [Log] Opening Browser 
2015-06-09 14:41:16,343 ERROR [Log] Class Utils | Method getCellData | Exception desc : null 
2015-06-09 14:41:17,301 INFO  [Log] **************************************************************************************** 
2015-06-09 14:41:17,305 INFO  [Log] **************************************************************************************** 
2015-06-09 14:41:17,309 INFO  [Log] $$$$$$$$$$$$$$$$$$$$$                 Login_01       $$$$$$$$$$$$$$$$$$$$$$$$$ 
2015-06-09 14:41:17,312 INFO  [Log] **************************************************************************************** 
2015-06-09 14:41:17,316 INFO  [Log] **************************************************************************************** 
2015-06-09 14:41:36,359 ERROR [Log] Class Utils | Method getCellData | Exception desc : null 
2015-06-09 14:42:15,808 INFO  [Log] Opening Browser 
2015-06-09 14:43:18,208 ERROR [Log] Class Utils | Method getCellData | Exception desc : null 
2015-06-09 14:43:25,487 INFO  [Log] Navigating to URL 
2015-06-09 14:43:55,646 INFO  [Log] Clicking on Webelement btn_MyAccount 
2015-06-09 14:45:02,084 INFO  [Log] XXXXXXXXXXXXXXXXXXXXXXX             -E---N---D-             XXXXXXXXXXXXXXXXXXXXXX 
2015-06-09 14:45:02,088 INFO  [Log] X 
2015-06-09 14:45:02,091 INFO  [Log] X 
2015-06-09 14:45:02,093 INFO  [Log] X 
2015-06-09 14:45:02,096 INFO  [Log] X 
2015-06-09 14:45:47,051 ERROR [Log] Class Utils | Method getCellData | Exception desc : null 
2015-06-09 14:45:47,700 INFO  [Log] **************************************************************************************** 
2015-06-09 14:45:47,703 INFO  [Log] **************************************************************************************** 
2015-06-09 14:45:47,707 INFO  [Log] $$$$$$$$$$$$$$$$$$$$$                 Login_01       $$$$$$$$$$$$$$$$$$$$$$$$$ 
2015-06-09 14:45:47,710 INFO  [Log] **************************************************************************************** 
2015-06-09 14:45:47,713 INFO  [Log] **************************************************************************************** 
2015-06-09 14:45:49,933 ERROR [Log] Class Utils | Method getCellData | Exception desc : null 
2015-06-09 14:46:00,741 INFO  [Log] Opening Browser 
2015-06-09 14:50:33,486 ERROR [Log] Class Utils | Method getCellData | Exception desc : null 
2015-06-09 14:50:34,369 INFO  [Log] **************************************************************************************** 
2015-06-09 14:50:34,374 INFO  [Log] **************************************************************************************** 
2015-06-09 14:50:34,378 INFO  [Log] $$$$$$$$$$$$$$$$$$$$$                 Login_01       $$$$$$$$$$$$$$$$$$$$$$$$$ 
2015-06-09 14:50:34,381 INFO  [Log] **************************************************************************************** 
2015-06-09 14:50:34,385 INFO  [Log] **************************************************************************************** 
2015-06-09 14:50:37,220 ERROR [Log] Class Utils | Method getCellData | Exception desc : null 
2015-06-09 14:50:47,275 INFO  [Log] Opening Browser 
2015-06-09 14:53:42,172 ERROR [Log] Class Utils | Method getCellData | Exception desc : null 
2015-06-09 14:53:42,380 INFO  [Log] **************************************************************************************** 
2015-06-09 14:53:42,385 INFO  [Log] **************************************************************************************** 
2015-06-09 14:53:42,389 INFO  [Log] $$$$$$$$$$$$$$$$$$$$$                 Login_01       $$$$$$$$$$$$$$$$$$$$$$$$$ 
2015-06-09 14:53:42,394 INFO  [Log] **************************************************************************************** 
2015-06-09 14:53:42,397 INFO  [Log] **************************************************************************************** 
2015-06-09 14:53:46,122 ERROR [Log] Class Utils | Method getCellData | Exception desc : null 
2015-06-09 14:53:56,424 INFO  [Log] Opening Browser 
2015-06-09 15:04:14,475 ERROR [Log] Class Utils | Method getCellData | Exception desc : null 
2015-06-09 15:04:14,476 INFO  [Log] **************************************************************************************** 
2015-06-09 15:04:14,476 INFO  [Log] **************************************************************************************** 
2015-06-09 15:04:14,476 INFO  [Log] $$$$$$$$$$$$$$$$$$$$$                 Login_01       $$$$$$$$$$$$$$$$$$$$$$$$$ 
2015-06-09 15:04:14,476 INFO  [Log] **************************************************************************************** 
2015-06-09 15:04:14,476 INFO  [Log] **************************************************************************************** 
2015-06-09 15:04:14,476 ERROR [Log] Class Utils | Method getCellData | Exception desc : null 
2015-06-09 15:04:14,477 INFO  [Log] Opening Browser 
2015-06-09 15:04:18,458 INFO  [Log] Closing the browser 
2015-06-09 15:04:19,783 INFO  [Log] XXXXXXXXXXXXXXXXXXXXXXX             -E---N---D-             XXXXXXXXXXXXXXXXXXXXXX 
2015-06-09 15:04:19,783 INFO  [Log] X 
2015-06-09 15:04:19,783 INFO  [Log] X 
2015-06-09 15:04:19,783 INFO  [Log] X 
2015-06-09 15:04:19,783 INFO  [Log] X 
2015-06-10 11:27:18,899 ERROR [Log] Class Utils | Method getCellData | Exception desc : null 
2015-06-10 11:27:19,683 INFO  [Log] **************************************************************************************** 
2015-06-10 11:27:19,688 INFO  [Log] **************************************************************************************** 
2015-06-10 11:27:19,695 INFO  [Log] $$$$$$$$$$$$$$$$$$$$$                 Login_01       $$$$$$$$$$$$$$$$$$$$$$$$$ 
2015-06-10 11:27:19,699 INFO  [Log] **************************************************************************************** 
2015-06-10 11:27:19,702 INFO  [Log] **************************************************************************************** 
2015-06-10 11:27:21,275 ERROR [Log] Class Utils | Method getCellData | Exception desc : null 
2015-06-10 11:27:28,292 INFO  [Log] Opening Browser 
2015-06-10 11:39:23,032 ERROR [Log] Class Utils | Method getCellData | Exception desc : null 
2015-06-10 11:39:23,034 INFO  [Log] **************************************************************************************** 
2015-06-10 11:39:23,034 INFO  [Log] **************************************************************************************** 
2015-06-10 11:39:23,034 INFO  [Log] $$$$$$$$$$$$$$$$$$$$$                 Login_01       $$$$$$$$$$$$$$$$$$$$$$$$$ 
2015-06-10 11:39:23,034 INFO  [Log] **************************************************************************************** 
2015-06-10 11:39:23,034 INFO  [Log] **************************************************************************************** 
2015-06-10 11:39:23,034 ERROR [Log] Class Utils | Method getCellData | Exception desc : null 
2015-06-10 11:39:23,035 INFO  [Log] Opening Browser 
2015-06-10 11:39:28,410 ERROR [Log] Class Utils | Method getCellData | Exception desc : null 
2015-06-10 11:39:28,411 INFO  [Log] Navigating to URL 
2015-06-10 11:39:37,122 INFO  [Log] Clicking on Webelement btn_MyAccount 
2015-06-10 11:39:40,061 INFO  [Log] Entering the text in UserName 
2015-06-10 11:39:40,604 INFO  [Log] Entering the text in Password 
2015-06-10 11:39:41,253 INFO  [Log] Clicking on Webelement btn_Login 
2015-06-10 11:39:41,724 ERROR [Log] Class Utils | Method getCellData | Exception desc : null 
2015-06-10 11:39:41,724 INFO  [Log] Wait for 5 seconds 
2015-06-10 11:39:46,965 INFO  [Log] Clicking on Webelement btn_Logout 
2015-06-10 11:39:47,728 ERROR [Log] Class Utils | Method getCellData | Exception desc : null 
2015-06-10 11:39:47,728 INFO  [Log] Closing the browser 
2015-06-10 11:39:49,747 INFO  [Log] XXXXXXXXXXXXXXXXXXXXXXX             -E---N---D-             XXXXXXXXXXXXXXXXXXXXXX 
2015-06-10 11:39:49,748 INFO  [Log] X 
2015-06-10 11:39:49,748 INFO  [Log] X 
2015-06-10 11:39:49,748 INFO  [Log] X 
2015-06-10 11:39:49,748 INFO  [Log] X 
2015-06-10 12:19:09,036 ERROR [Log] Class Utils | Method getCellData | Exception desc : null 
2015-06-10 12:19:16,438 INFO  [Log] **************************************************************************************** 
2015-06-10 12:19:16,443 INFO  [Log] **************************************************************************************** 
2015-06-10 12:19:16,447 INFO  [Log] $$$$$$$$$$$$$$$$$$$$$                 Login_01       $$$$$$$$$$$$$$$$$$$$$$$$$ 
2015-06-10 12:19:16,450 INFO  [Log] **************************************************************************************** 
2015-06-10 12:19:16,453 INFO  [Log] **************************************************************************************** 
2015-06-10 12:21:30,184 ERROR [Log] Class Utils | Method getCellData | Exception desc : null 
2015-06-10 12:21:39,031 INFO  [Log] Opening Browser 
2015-06-10 12:23:13,214 ERROR [Log] Class Utils | Method getCellData | Exception desc : null 
2015-06-10 12:23:27,910 INFO  [Log] Navigating to URL 
2015-06-10 12:24:19,238 INFO  [Log] Clicking on Webelement btn_MyAccount 
2015-06-10 12:25:37,373 INFO  [Log] Entering the text in UserName 
2015-06-10 12:26:31,816 ERROR [Log] Class Utils | Method getCellData | Exception desc : null 
2015-06-10 12:26:31,822 INFO  [Log] **************************************************************************************** 
2015-06-10 12:26:31,825 INFO  [Log] **************************************************************************************** 
2015-06-10 12:26:31,829 INFO  [Log] $$$$$$$$$$$$$$$$$$$$$                 Login_01       $$$$$$$$$$$$$$$$$$$$$$$$$ 
2015-06-10 12:26:31,832 INFO  [Log] **************************************************************************************** 
2015-06-10 12:26:31,835 INFO  [Log] **************************************************************************************** 
2015-06-10 12:26:34,556 ERROR [Log] Class Utils | Method getCellData | Exception desc : null 
2015-06-10 12:26:37,821 INFO  [Log] Opening Browser 
2015-06-10 12:27:33,900 ERROR [Log] Class Utils | Method getCellData | Exception desc : null 
2015-06-10 12:27:39,283 INFO  [Log] Navigating to URL 
2015-06-10 12:28:06,596 INFO  [Log] Clicking on Webelement btn_MyAccount 
2015-06-10 12:28:20,838 ERROR [Log] Not able to click --- no such element
  (Session info: chrome=43.0.2357.81)
  (Driver info: chromedriver=2.13.307647 (5a7d0541ebc58e69994a6fb2ed930f45261f3c29),platform=Windows NT 6.1 SP1 x86_64) (WARNING: The server did not provide any stacktrace information)
Command duration or timeout: 10.20 seconds
For documentation on this error, please visit: http://seleniumhq.org/exceptions/no_such_element.html
Build info: version: '2.44.0', revision: '76d78cf', time: '2014-10-23 20:03:00'
System info: host: 'home-PC', ip: '192.168.137.1', os.name: 'Windows 7', os.arch: 'amd64', os.version: '6.1', java.version: '1.7.0_75'
Session ID: 9ff8ecf1d77db5827d66f4ed6e74e611
Driver info: org.openqa.selenium.chrome.ChromeDriver
Capabilities [{platform=XP, acceptSslCerts=true, javascriptEnabled=true, browserName=chrome, chrome={userDataDir=C:\Users\home\AppData\Local\Temp\scoped_dir11792_3672}, rotatable=false, locationContextEnabled=true, mobileEmulationEnabled=false, version=43.0.2357.81, takesHeapSnapshot=true, cssSelectorsEnabled=true, databaseEnabled=false, handlesAlerts=true, browserConnectionEnabled=false, webStorageEnabled=true, nativeEvents=true, applicationCacheEnabled=false, takesScreenshot=true}] 
2015-06-10 12:36:05,450 ERROR [Log] Class Utils | Method getCellData | Exception desc : null 
2015-06-10 12:36:05,456 INFO  [Log] **************************************************************************************** 
2015-06-10 12:36:05,460 INFO  [Log] **************************************************************************************** 
2015-06-10 12:36:05,463 INFO  [Log] $$$$$$$$$$$$$$$$$$$$$                 Login_01       $$$$$$$$$$$$$$$$$$$$$$$$$ 
2015-06-10 12:36:05,466 INFO  [Log] **************************************************************************************** 
2015-06-10 12:36:05,469 INFO  [Log] **************************************************************************************** 
2015-06-10 12:36:09,848 ERROR [Log] Class Utils | Method getCellData | Exception desc : null 
2015-06-10 12:36:38,808 INFO  [Log] Opening Browser 
2015-06-10 12:37:13,576 ERROR [Log] Class Utils | Method getCellData | Exception desc : null 
2015-06-10 12:40:43,699 ERROR [Log] Class Utils | Method getCellData | Exception desc : null 
2015-06-10 12:41:38,217 ERROR [Log] Class Utils | Method getCellData | Exception desc : null 
2015-06-10 13:00:45,556 ERROR [Log] Class Utils | Method getCellData | Exception desc : null 
2015-06-10 13:00:51,648 INFO  [Log] **************************************************************************************** 
2015-06-10 13:00:51,652 INFO  [Log] **************************************************************************************** 
2015-06-10 13:00:51,655 INFO  [Log] $$$$$$$$$$$$$$$$$$$$$                 Login_01       $$$$$$$$$$$$$$$$$$$$$$$$$ 
2015-06-10 13:00:51,658 INFO  [Log] **************************************************************************************** 
2015-06-10 13:00:51,661 INFO  [Log] **************************************************************************************** 
2015-06-10 13:00:53,382 ERROR [Log] Class Utils | Method getCellData | Exception desc : null 
2015-06-10 13:00:54,113 INFO  [Log] Opening Browser 
2015-06-10 13:01:35,812 INFO  [Log] Closing the browser 
2015-06-10 13:01:47,763 INFO  [Log] XXXXXXXXXXXXXXXXXXXXXXX             -E---N---D-             XXXXXXXXXXXXXXXXXXXXXX 
2015-06-10 13:01:47,767 INFO  [Log] X 
2015-06-10 13:01:47,769 INFO  [Log] X 
2015-06-10 13:01:47,770 INFO  [Log] X 
2015-06-10 13:01:47,772 INFO  [Log] X 
2015-06-10 13:03:32,952 ERROR [Log] Class Utils | Method getCellData | Exception desc : null 
2015-06-10 13:03:32,955 INFO  [Log] **************************************************************************************** 
2015-06-10 13:03:32,955 INFO  [Log] **************************************************************************************** 
2015-06-10 13:03:32,955 INFO  [Log] $$$$$$$$$$$$$$$$$$$$$                 Login_01       $$$$$$$$$$$$$$$$$$$$$$$$$ 
2015-06-10 13:03:32,955 INFO  [Log] **************************************************************************************** 
2015-06-10 13:03:32,955 INFO  [Log] **************************************************************************************** 
2015-06-10 13:03:32,956 ERROR [Log] Class Utils | Method getCellData | Exception desc : null 
2015-06-10 13:03:32,956 INFO  [Log] Opening Browser 
2015-06-10 13:03:38,215 INFO  [Log] Closing the browser 
2015-06-10 13:03:39,825 INFO  [Log] XXXXXXXXXXXXXXXXXXXXXXX             -E---N---D-             XXXXXXXXXXXXXXXXXXXXXX 
2015-06-10 13:03:39,825 INFO  [Log] X 
2015-06-10 13:03:39,825 INFO  [Log] X 
2015-06-10 13:03:39,825 INFO  [Log] X 
2015-06-10 13:03:39,825 INFO  [Log] X 
2015-06-10 13:09:46,837 INFO  [Log] **************************************************************************************** 
2015-06-10 13:09:46,839 INFO  [Log] **************************************************************************************** 
2015-06-10 13:09:46,839 INFO  [Log] $$$$$$$$$$$$$$$$$$$$$                 Login_01       $$$$$$$$$$$$$$$$$$$$$$$$$ 
2015-06-10 13:09:46,839 INFO  [Log] **************************************************************************************** 
2015-06-10 13:09:46,839 INFO  [Log] **************************************************************************************** 
2015-06-10 13:09:46,840 ERROR [Log] Class Utils | Method getCellData | Exception desc : null 
2015-06-10 13:09:46,841 INFO  [Log] Opening Browser 
2015-06-10 13:09:52,003 INFO  [Log] Closing the browser 
2015-06-10 13:09:53,349 INFO  [Log] XXXXXXXXXXXXXXXXXXXXXXX             -E---N---D-             XXXXXXXXXXXXXXXXXXXXXX 
2015-06-10 13:09:53,349 INFO  [Log] X 
2015-06-10 13:09:53,349 INFO  [Log] X 
2015-06-10 13:09:53,349 INFO  [Log] X 
2015-06-10 13:09:53,349 INFO  [Log] X 
2015-06-10 13:16:17,374 INFO  [Log] **************************************************************************************** 
2015-06-10 13:16:17,382 INFO  [Log] **************************************************************************************** 
2015-06-10 13:16:17,386 INFO  [Log] $$$$$$$$$$$$$$$$$$$$$                 Login_01       $$$$$$$$$$$$$$$$$$$$$$$$$ 
2015-06-10 13:16:17,389 INFO  [Log] **************************************************************************************** 
2015-06-10 13:16:17,393 INFO  [Log] **************************************************************************************** 
2015-06-10 13:16:59,841 ERROR [Log] Class Utils | Method getCellData | Exception desc : null 
2015-06-10 13:18:31,467 INFO  [Log] **************************************************************************************** 
2015-06-10 13:18:31,469 INFO  [Log] **************************************************************************************** 
2015-06-10 13:18:31,469 INFO  [Log] $$$$$$$$$$$$$$$$$$$$$                 Login_01       $$$$$$$$$$$$$$$$$$$$$$$$$ 
2015-06-10 13:18:31,469 INFO  [Log] **************************************************************************************** 
2015-06-10 13:18:31,469 INFO  [Log] **************************************************************************************** 
2015-06-10 13:18:31,470 ERROR [Log] Class Utils | Method getCellData | Exception desc : null 
2015-06-10 13:18:31,470 INFO  [Log] Opening Browser 
2015-06-10 13:18:36,421 INFO  [Log] XXXXXXXXXXXXXXXXXXXXXXX             -E---N---D-             XXXXXXXXXXXXXXXXXXXXXX 
2015-06-10 13:18:36,421 INFO  [Log] X 
2015-06-10 13:18:36,421 INFO  [Log] X 
2015-06-10 13:18:36,421 INFO  [Log] X 
2015-06-10 13:18:36,421 INFO  [Log] X 
2015-06-10 13:23:52,531 INFO  [Log] **************************************************************************************** 
2015-06-10 13:23:52,533 INFO  [Log] **************************************************************************************** 
2015-06-10 13:23:52,533 INFO  [Log] $$$$$$$$$$$$$$$$$$$$$                 Login_01       $$$$$$$$$$$$$$$$$$$$$$$$$ 
2015-06-10 13:23:52,533 INFO  [Log] **************************************************************************************** 
2015-06-10 13:23:52,533 INFO  [Log] **************************************************************************************** 
2015-06-10 13:23:52,534 ERROR [Log] Class Utils | Method getCellData | Exception desc : null 
2015-06-10 13:23:52,534 INFO  [Log] Opening Browser 
2015-06-10 13:23:57,809 ERROR [Log] Class Utils | Method getCellData | Exception desc : null 
2015-06-10 13:23:57,810 INFO  [Log] Navigating to URL 
2015-06-10 13:24:05,117 INFO  [Log] Clicking on Webelement btn_MyAccount 
2015-06-10 13:24:08,456 INFO  [Log] Entering the text in UserName 
2015-06-10 13:24:09,070 INFO  [Log] Entering the text in Password 
2015-06-10 13:24:15,881 INFO  [Log] Clicking on Webelement btn_Login 
2015-06-10 13:24:16,467 ERROR [Log] Class Utils | Method getCellData | Exception desc : null 
2015-06-10 13:24:16,467 INFO  [Log] Wait for 5 seconds 
2015-06-10 13:24:21,690 INFO  [Log] Clicking on Webelement btn_Logout 
2015-06-10 13:24:22,202 ERROR [Log] Class Utils | Method getCellData | Exception desc : null 
2015-06-10 13:24:22,202 INFO  [Log] Closing the browser 
2015-06-10 13:24:24,232 INFO  [Log] XXXXXXXXXXXXXXXXXXXXXXX             -E---N---D-             XXXXXXXXXXXXXXXXXXXXXX 
2015-06-10 13:24:24,232 INFO  [Log] X 
2015-06-10 13:24:24,232 INFO  [Log] X 
2015-06-10 13:24:24,232 INFO  [Log] X 
2015-06-10 13:24:24,232 INFO  [Log] X 
2015-06-10 13:25:33,183 INFO  [Log] **************************************************************************************** 
2015-06-10 13:25:33,185 INFO  [Log] **************************************************************************************** 
2015-06-10 13:25:33,185 INFO  [Log] $$$$$$$$$$$$$$$$$$$$$                 Login_01       $$$$$$$$$$$$$$$$$$$$$$$$$ 
2015-06-10 13:25:33,185 INFO  [Log] **************************************************************************************** 
2015-06-10 13:25:33,185 INFO  [Log] **************************************************************************************** 
2015-06-10 13:25:33,186 ERROR [Log] Class Utils | Method getCellData | Exception desc : null 
2015-06-10 13:25:33,186 INFO  [Log] Opening Browser 
2015-06-10 13:25:38,445 ERROR [Log] Class Utils | Method getCellData | Exception desc : null 
2015-06-10 13:25:38,445 INFO  [Log] Navigating to URL 
2015-06-10 13:25:46,073 INFO  [Log] Clicking on Webelement btn_MyAccount 
2015-06-10 13:25:48,885 INFO  [Log] Entering the text in UserName 
2015-06-10 13:25:58,979 ERROR [Log] Not able to Enter UserName --- no such element
  (Session info: chrome=43.0.2357.81)
  (Driver info: chromedriver=2.13.307647 (5a7d0541ebc58e69994a6fb2ed930f45261f3c29),platform=Windows NT 6.1 SP1 x86_64) (WARNING: The server did not provide any stacktrace information)
Command duration or timeout: 10.08 seconds
For documentation on this error, please visit: http://seleniumhq.org/exceptions/no_such_element.html
Build info: version: '2.44.0', revision: '76d78cf', time: '2014-10-23 20:03:00'
System info: host: 'home-PC', ip: '192.168.137.1', os.name: 'Windows 7', os.arch: 'amd64', os.version: '6.1', java.version: '1.7.0_75'
Session ID: fb04003565bb66ed78401e3c5be26802
Driver info: org.openqa.selenium.chrome.ChromeDriver
Capabilities [{platform=XP, acceptSslCerts=true, javascriptEnabled=true, browserName=chrome, chrome={userDataDir=C:\Users\home\AppData\Local\Temp\scoped_dir10044_9194}, rotatable=false, locationContextEnabled=true, mobileEmulationEnabled=false, version=43.0.2357.81, takesHeapSnapshot=true, cssSelectorsEnabled=true, databaseEnabled=false, handlesAlerts=true, browserConnectionEnabled=false, webStorageEnabled=true, nativeEvents=true, applicationCacheEnabled=false, takesScreenshot=true}] 
2015-06-10 13:25:59,253 INFO  [Log] Closing the browser 
2015-06-10 13:26:01,139 INFO  [Log] XXXXXXXXXXXXXXXXXXXXXXX             -E---N---D-             XXXXXXXXXXXXXXXXXXXXXX 
2015-06-10 13:26:01,139 INFO  [Log] X 
2015-06-10 13:26:01,140 INFO  [Log] X 
2015-06-10 13:26:01,140 INFO  [Log] X 
2015-06-10 13:26:01,140 INFO  [Log] X 
2015-06-10 13:27:42,514 INFO  [Log] **************************************************************************************** 
2015-06-10 13:27:42,521 INFO  [Log] **************************************************************************************** 
2015-06-10 13:27:42,525 INFO  [Log] $$$$$$$$$$$$$$$$$$$$$                 Login_01       $$$$$$$$$$$$$$$$$$$$$$$$$ 
2015-06-10 13:27:42,528 INFO  [Log] **************************************************************************************** 
2015-06-10 13:27:42,531 INFO  [Log] **************************************************************************************** 
2015-06-10 13:27:51,490 ERROR [Log] Class Utils | Method getCellData | Exception desc : null 
2015-06-10 13:28:04,316 INFO  [Log] Opening Browser 
2015-06-10 13:29:12,660 ERROR [Log] Class Utils | Method getCellData | Exception desc : null 
2015-06-10 13:29:21,858 INFO  [Log] Navigating to URL 
2015-06-10 13:30:08,394 INFO  [Log] Clicking on Webelement btn_MyAccount 
2015-06-10 13:31:18,203 INFO  [Log] Entering the text in UserName 
2015-06-10 13:31:32,511 ERROR [Log] Not able to Enter UserName --- no such element
  (Session info: chrome=43.0.2357.81)
  (Driver info: chromedriver=2.13.307647 (5a7d0541ebc58e69994a6fb2ed930f45261f3c29),platform=Windows NT 6.1 SP1 x86_64) (WARNING: The server did not provide any stacktrace information)
Command duration or timeout: 10.21 seconds
For documentation on this error, please visit: http://seleniumhq.org/exceptions/no_such_element.html
Build info: version: '2.44.0', revision: '76d78cf', time: '2014-10-23 20:03:00'
System info: host: 'home-PC', ip: '192.168.137.1', os.name: 'Windows 7', os.arch: 'amd64', os.version: '6.1', java.version: '1.7.0_75'
Session ID: 36a5e07c465513452bc3e4a4e31886a7
Driver info: org.openqa.selenium.chrome.ChromeDriver
Capabilities [{platform=XP, acceptSslCerts=true, javascriptEnabled=true, browserName=chrome, chrome={userDataDir=C:\Users\home\AppData\Local\Temp\scoped_dir9684_18845}, rotatable=false, locationContextEnabled=true, mobileEmulationEnabled=false, version=43.0.2357.81, takesHeapSnapshot=true, cssSelectorsEnabled=true, databaseEnabled=false, handlesAlerts=true, browserConnectionEnabled=false, webStorageEnabled=true, nativeEvents=true, applicationCacheEnabled=false, takesScreenshot=true}] 
2015-06-10 13:31:48,845 INFO  [Log] Closing the browser 
2015-06-10 13:32:00,605 INFO  [Log] XXXXXXXXXXXXXXXXXXXXXXX             -E---N---D-             XXXXXXXXXXXXXXXXXXXXXX 
2015-06-10 13:32:00,609 INFO  [Log] X 
2015-06-10 13:32:00,612 INFO  [Log] X 
2015-06-10 13:32:00,614 INFO  [Log] X 
2015-06-10 13:32:00,616 INFO  [Log] X 
2015-06-10 13:34:09,973 INFO  [Log] **************************************************************************************** 
2015-06-10 13:34:09,979 INFO  [Log] **************************************************************************************** 
2015-06-10 13:34:09,983 INFO  [Log] $$$$$$$$$$$$$$$$$$$$$                 Login_01       $$$$$$$$$$$$$$$$$$$$$$$$$ 
2015-06-10 13:34:09,986 INFO  [Log] **************************************************************************************** 
2015-06-10 13:34:09,990 INFO  [Log] **************************************************************************************** 
2015-06-10 13:34:10,003 ERROR [Log] Class Utils | Method getCellData | Exception desc : null 
2015-06-10 13:34:13,857 INFO  [Log] Opening Browser 
2015-06-10 13:35:52,888 ERROR [Log] Class Utils | Method getCellData | Exception desc : null 
2015-06-10 13:36:02,048 INFO  [Log] Navigating to URL 
2015-06-10 13:36:36,552 INFO  [Log] Clicking on Webelement btn_MyAccount 
2015-06-10 13:37:28,598 INFO  [Log] Entering the text in UserName 
2015-06-10 13:37:44,617 ERROR [Log] Not able to Enter UserName --- no such element
  (Session info: chrome=43.0.2357.81)
  (Driver info: chromedriver=2.13.307647 (5a7d0541ebc58e69994a6fb2ed930f45261f3c29),platform=Windows NT 6.1 SP1 x86_64) (WARNING: The server did not provide any stacktrace information)
Command duration or timeout: 10.26 seconds
For documentation on this error, please visit: http://seleniumhq.org/exceptions/no_such_element.html
Build info: version: '2.44.0', revision: '76d78cf', time: '2014-10-23 20:03:00'
System info: host: 'home-PC', ip: '192.168.137.1', os.name: 'Windows 7', os.arch: 'amd64', os.version: '6.1', java.version: '1.7.0_75'
Session ID: 3d5cccabc30368902cf824c1e7eeef6c
Driver info: org.openqa.selenium.chrome.ChromeDriver
Capabilities [{platform=XP, acceptSslCerts=true, javascriptEnabled=true, browserName=chrome, chrome={userDataDir=C:\Users\home\AppData\Local\Temp\scoped_dir1304_30491}, rotatable=false, locationContextEnabled=true, mobileEmulationEnabled=false, version=43.0.2357.81, takesHeapSnapshot=true, cssSelectorsEnabled=true, databaseEnabled=false, handlesAlerts=true, browserConnectionEnabled=false, webStorageEnabled=true, nativeEvents=true, applicationCacheEnabled=false, takesScreenshot=true}] 
2015-06-10 13:38:07,398 INFO  [Log] Closing the browser 
2015-06-10 13:38:29,367 INFO  [Log] XXXXXXXXXXXXXXXXXXXXXXX             -E---N---D-             XXXXXXXXXXXXXXXXXXXXXX 
2015-06-10 13:38:29,369 INFO  [Log] X 
2015-06-10 13:38:29,370 INFO  [Log] X 
2015-06-10 13:38:29,371 INFO  [Log] X 
2015-06-10 13:38:29,372 INFO  [Log] X 
